app/build/intermediates/manifest_merge_blame_file/debug/processDebugMainManifest/manifest-merger-blame-debug-report.txt
1<?xml version="1.0" encoding="utf-8"?>
2<manifest xmlns:android="http://schemas.android.com/apk/res/android"
3    package="com.qoobiss.ontraceexampleapp"
4    android:versionCode="1"
5    android:versionName="1.0" >
6
7    <uses-sdk
8        android:minSdkVersion="24"
9        android:targetSdkVersion="34" />
10
11    <uses-feature
11-->src/main/AndroidManifest.xml:4:5-6:36
12        android:name="android.hardware.camera"
12-->src/main/AndroidManifest.xml:5:9-47
13        android:required="false" />
13-->src/main/AndroidManifest.xml:6:9-33
14
15    <uses-permission android:name="android.permission.CAMERA" />
15-->src/main/AndroidManifest.xml:7:5-64
15-->src/main/AndroidManifest.xml:7:22-62
16
17    <queries>
17-->[androidx.camera:camera-extensions:1.4.0] AndroidManifest.xml:22:5-26:15
18        <intent>
18-->[androidx.camera:camera-extensions:1.4.0] AndroidManifest.xml:23:9-25:18
19            <action android:name="androidx.camera.extensions.action.VENDOR_ACTION" />
19-->[androidx.camera:camera-extensions:1.4.0] AndroidManifest.xml:24:13-86
19-->[androidx.camera:camera-extensions:1.4.0] AndroidManifest.xml:24:21-83
20        </intent>
21
22        <package android:name="com.google.ar.core" />
22-->[com.google.ar:core:1.47.0] AndroidManifest.xml:21:9-54
22-->[com.google.ar:core:1.47.0] AndroidManifest.xml:21:18-51
23        <package android:name="com.android.vending" />
23-->[com.google.ar:core:1.47.0] AndroidManifest.xml:22:9-55
23-->[com.google.ar:core:1.47.0] AndroidManifest.xml:22:18-52
24
25        <intent>
25-->[com.google.ar:core:1.47.0] AndroidManifest.xml:24:9-26:18
26            <action android:name="com.google.android.play.core.install.BIND_INSTALL_SERVICE" />
26-->[com.google.ar:core:1.47.0] AndroidManifest.xml:25:13-96
26-->[com.google.ar:core:1.47.0] AndroidManifest.xml:25:21-93
27        </intent>
28    </queries>
29
30    <permission
30-->[androidx.core:core:1.15.0] AndroidManifest.xml:22:5-24:47
31        android:name="com.qoobiss.ontraceexampleapp.DYNAMIC_RECEIVER_NOT_EXPORTED_PERMISSION"
31-->[androidx.core:core:1.15.0] AndroidManifest.xml:23:9-81
32        android:protectionLevel="signature" />
32-->[androidx.core:core:1.15.0] AndroidManifest.xml:24:9-44
33
34    <uses-permission android:name="com.qoobiss.ontraceexampleapp.DYNAMIC_RECEIVER_NOT_EXPORTED_PERMISSION" />
34-->[androidx.core:core:1.15.0] AndroidManifest.xml:26:5-97
34-->[androidx.core:core:1.15.0] AndroidManifest.xml:26:22-94
35    <uses-permission android:name="android.permission.REORDER_TASKS" /> <!-- Although the *SdkVersion is captured in gradle build files, this is required for non gradle builds -->
35-->[androidx.test:core:1.6.1] AndroidManifest.xml:24:5-72
35-->[androidx.test:core:1.6.1] AndroidManifest.xml:24:22-69
36    <!-- <uses-sdk android:minSdkVersion="14"/> -->
37    <uses-permission android:name="android.permission.ACCESS_NETWORK_STATE" />
37-->[com.google.android.datatransport:transport-backend-cct:2.3.3] AndroidManifest.xml:25:5-79
37-->[com.google.android.datatransport:transport-backend-cct:2.3.3] AndroidManifest.xml:25:22-76
38    <uses-permission android:name="android.permission.INTERNET" />
38-->[com.google.android.datatransport:transport-backend-cct:2.3.3] AndroidManifest.xml:26:5-67
38-->[com.google.android.datatransport:transport-backend-cct:2.3.3] AndroidManifest.xml:26:22-64
39    <uses-permission android:name="android.permission.WRITE_EXTERNAL_STORAGE" />
40    <uses-permission android:name="android.permission.READ_PHONE_STATE" />
41    <uses-permission android:name="android.permission.READ_EXTERNAL_STORAGE" />
42
43    <application
43-->src/main/AndroidManifest.xml:8:5-29:19
44        android:allowBackup="true"
44-->src/main/AndroidManifest.xml:9:9-35
45        android:appComponentFactory="androidx.core.app.CoreComponentFactory"
45-->[androidx.core:core:1.15.0] AndroidManifest.xml:28:18-86
46        android:dataExtractionRules="@xml/data_extraction_rules"
46-->src/main/AndroidManifest.xml:10:9-65
47        android:debuggable="true"
48        android:extractNativeLibs="false"
49        android:fullBackupContent="@xml/backup_rules"
49-->src/main/AndroidManifest.xml:11:9-54
50        android:icon="@mipmap/ic_launcher"
50-->src/main/AndroidManifest.xml:12:9-43
51        android:label="@string/app_name"
51-->src/main/AndroidManifest.xml:13:9-41
52        android:roundIcon="@mipmap/ic_launcher_round"
52-->src/main/AndroidManifest.xml:14:9-54
53        android:supportsRtl="true"
53-->src/main/AndroidManifest.xml:15:9-35
54        android:testOnly="true"
55        android:theme="@style/Theme.OntraceExampleApp" >
55-->src/main/AndroidManifest.xml:16:9-55
56        <activity
56-->src/main/AndroidManifest.xml:18:9-27:20
57            android:name="com.qoobiss.ontraceexampleapp.MainActivity"
57-->src/main/AndroidManifest.xml:19:13-41
58            android:exported="true"
58-->src/main/AndroidManifest.xml:20:13-36
59            android:label="@string/app_name"
59-->src/main/AndroidManifest.xml:21:13-45
60            android:theme="@style/Theme.OntraceExampleApp" >
60-->src/main/AndroidManifest.xml:22:13-59
61            <intent-filter>
61-->src/main/AndroidManifest.xml:23:13-26:29
62                <action android:name="android.intent.action.MAIN" />
62-->src/main/AndroidManifest.xml:24:17-69
62-->src/main/AndroidManifest.xml:24:25-66
63
64                <category android:name="android.intent.category.LAUNCHER" />
64-->src/main/AndroidManifest.xml:25:17-77
64-->src/main/AndroidManifest.xml:25:27-74
65            </intent-filter>
66        </activity>
67
68        <uses-library
68-->[androidx.camera:camera-extensions:1.4.0] AndroidManifest.xml:29:9-31:40
69            android:name="androidx.camera.extensions.impl"
69-->[androidx.camera:camera-extensions:1.4.0] AndroidManifest.xml:30:13-59
70            android:required="false" />
70-->[androidx.camera:camera-extensions:1.4.0] AndroidManifest.xml:31:13-37
71
72        <service
72-->[androidx.camera:camera-camera2:1.4.0] AndroidManifest.xml:24:9-33:19
73            android:name="androidx.camera.core.impl.MetadataHolderService"
73-->[androidx.camera:camera-camera2:1.4.0] AndroidManifest.xml:25:13-75
74            android:enabled="false"
74-->[androidx.camera:camera-camera2:1.4.0] AndroidManifest.xml:26:13-36
75            android:exported="false" >
75-->[androidx.camera:camera-camera2:1.4.0] AndroidManifest.xml:27:13-37
76            <meta-data
76-->[androidx.camera:camera-camera2:1.4.0] AndroidManifest.xml:30:13-32:89
77                android:name="androidx.camera.core.impl.MetadataHolderService.DEFAULT_CONFIG_PROVIDER"
77-->[androidx.camera:camera-camera2:1.4.0] AndroidManifest.xml:31:17-103
78                android:value="androidx.camera.camera2.Camera2Config$DefaultProvider" />
78-->[androidx.camera:camera-camera2:1.4.0] AndroidManifest.xml:32:17-86
79        </service>
80        <service
80-->[com.google.android.gms:play-services-mlkit-face-detection:17.1.0] AndroidManifest.xml:9:9-15:19
81            android:name="com.google.mlkit.common.internal.MlKitComponentDiscoveryService"
81-->[com.google.android.gms:play-services-mlkit-face-detection:17.1.0] AndroidManifest.xml:10:13-91
82            android:directBootAware="true"
82-->[com.google.mlkit:common:18.11.0] AndroidManifest.xml:17:13-43
83            android:exported="false" >
83-->[com.google.android.gms:play-services-mlkit-face-detection:17.1.0] AndroidManifest.xml:11:13-37
84            <meta-data
84-->[com.google.android.gms:play-services-mlkit-face-detection:17.1.0] AndroidManifest.xml:12:13-14:85
85                android:name="com.google.firebase.components:com.google.mlkit.vision.face.internal.FaceRegistrar"
85-->[com.google.android.gms:play-services-mlkit-face-detection:17.1.0] AndroidManifest.xml:13:17-114
86                android:value="com.google.firebase.components.ComponentRegistrar" />
86-->[com.google.android.gms:play-services-mlkit-face-detection:17.1.0] AndroidManifest.xml:14:17-82
87            <meta-data
87-->[com.google.mlkit:vision-common:17.2.0] AndroidManifest.xml:12:13-14:85
88                android:name="com.google.firebase.components:com.google.mlkit.vision.common.internal.VisionCommonRegistrar"
88-->[com.google.mlkit:vision-common:17.2.0] AndroidManifest.xml:13:17-124
89                android:value="com.google.firebase.components.ComponentRegistrar" />
89-->[com.google.mlkit:vision-common:17.2.0] AndroidManifest.xml:14:17-82
90            <meta-data
90-->[com.google.mlkit:common:18.11.0] AndroidManifest.xml:20:13-22:85
91                android:name="com.google.firebase.components:com.google.mlkit.common.internal.CommonComponentRegistrar"
91-->[com.google.mlkit:common:18.11.0] AndroidManifest.xml:21:17-120
92                android:value="com.google.firebase.components.ComponentRegistrar" />
92-->[com.google.mlkit:common:18.11.0] AndroidManifest.xml:22:17-82
93        </service>
94
95        <provider
95-->[com.google.mlkit:common:18.11.0] AndroidManifest.xml:9:9-13:38
96            android:name="com.google.mlkit.common.internal.MlKitInitProvider"
96-->[com.google.mlkit:common:18.11.0] AndroidManifest.xml:10:13-78
97            android:authorities="com.qoobiss.ontraceexampleapp.mlkitinitprovider"
97-->[com.google.mlkit:common:18.11.0] AndroidManifest.xml:11:13-69
98            android:exported="false"
98-->[com.google.mlkit:common:18.11.0] AndroidManifest.xml:12:13-37
99            android:initOrder="99" />
99-->[com.google.mlkit:common:18.11.0] AndroidManifest.xml:13:13-35
100
101        <activity
101-->[androidx.compose.ui:ui-tooling-android:1.7.6] AndroidManifest.xml:23:9-25:39
102            android:name="androidx.compose.ui.tooling.PreviewActivity"
102-->[androidx.compose.ui:ui-tooling-android:1.7.6] AndroidManifest.xml:24:13-71
103            android:exported="true" />
103-->[androidx.compose.ui:ui-tooling-android:1.7.6] AndroidManifest.xml:25:13-36
104
105        <provider
105-->[androidx.emoji2:emoji2:1.3.0] AndroidManifest.xml:24:9-32:20
106            android:name="androidx.startup.InitializationProvider"
106-->[androidx.emoji2:emoji2:1.3.0] AndroidManifest.xml:25:13-67
107            android:authorities="com.qoobiss.ontraceexampleapp.androidx-startup"
107-->[androidx.emoji2:emoji2:1.3.0] AndroidManifest.xml:26:13-68
108            android:exported="false" >
108-->[androidx.emoji2:emoji2:1.3.0] AndroidManifest.xml:27:13-37
109            <meta-data
109-->[androidx.emoji2:emoji2:1.3.0] AndroidManifest.xml:29:13-31:52
110                android:name="androidx.emoji2.text.EmojiCompatInitializer"
110-->[androidx.emoji2:emoji2:1.3.0] AndroidManifest.xml:30:17-75
111                android:value="androidx.startup" />
111-->[androidx.emoji2:emoji2:1.3.0] AndroidManifest.xml:31:17-49
112            <meta-data
112-->[androidx.lifecycle:lifecycle-process:2.8.7] AndroidManifest.xml:29:13-31:52
113                android:name="androidx.lifecycle.ProcessLifecycleInitializer"
113-->[androidx.lifecycle:lifecycle-process:2.8.7] AndroidManifest.xml:30:17-78
114                android:value="androidx.startup" />
114-->[androidx.lifecycle:lifecycle-process:2.8.7] AndroidManifest.xml:31:17-49
115            <meta-data
115-->[androidx.profileinstaller:profileinstaller:1.4.0] AndroidManifest.xml:29:13-31:52
116                android:name="androidx.profileinstaller.ProfileInstallerInitializer"
116-->[androidx.profileinstaller:profileinstaller:1.4.0] AndroidManifest.xml:30:17-85
117                android:value="androidx.startup" />
117-->[androidx.profileinstaller:profileinstaller:1.4.0] AndroidManifest.xml:31:17-49
118        </provider>
119
120        <activity
120-->[com.google.android.gms:play-services-base:18.5.0] AndroidManifest.xml:5:9-173
121            android:name="com.google.android.gms.common.api.GoogleApiActivity"
121-->[com.google.android.gms:play-services-base:18.5.0] AndroidManifest.xml:5:19-85
122            android:exported="false"
122-->[com.google.android.gms:play-services-base:18.5.0] AndroidManifest.xml:5:146-170
123            android:theme="@android:style/Theme.Translucent.NoTitleBar" />
123-->[com.google.android.gms:play-services-base:18.5.0] AndroidManifest.xml:5:86-145
124
125        <meta-data
125-->[com.google.android.gms:play-services-basement:18.4.0] AndroidManifest.xml:6:9-122
126            android:name="com.google.android.gms.version"
126-->[com.google.android.gms:play-services-basement:18.4.0] AndroidManifest.xml:6:20-65
127            android:value="@integer/google_play_services_version" />
127-->[com.google.android.gms:play-services-basement:18.4.0] AndroidManifest.xml:6:66-119
128
129        <activity
129-->[androidx.test:core:1.6.1] AndroidManifest.xml:27:9-34:20
130            android:name="androidx.test.core.app.InstrumentationActivityInvoker$BootstrapActivity"
130-->[androidx.test:core:1.6.1] AndroidManifest.xml:28:13-99
131            android:exported="true"
131-->[androidx.test:core:1.6.1] AndroidManifest.xml:29:13-36
132            android:theme="@style/WhiteBackgroundTheme" >
132-->[androidx.test:core:1.6.1] AndroidManifest.xml:30:13-56
133            <intent-filter android:priority="-100" >
133-->[androidx.test:core:1.6.1] AndroidManifest.xml:31:13-33:29
133-->[androidx.test:core:1.6.1] AndroidManifest.xml:31:28-51
134                <category android:name="android.intent.category.LAUNCHER" />
134-->src/main/AndroidManifest.xml:25:17-77
134-->src/main/AndroidManifest.xml:25:27-74
135            </intent-filter>
136        </activity>
137        <activity
137-->[androidx.test:core:1.6.1] AndroidManifest.xml:35:9-42:20
138            android:name="androidx.test.core.app.InstrumentationActivityInvoker$EmptyActivity"
138-->[androidx.test:core:1.6.1] AndroidManifest.xml:36:13-95
139            android:exported="true"
139-->[androidx.test:core:1.6.1] AndroidManifest.xml:37:13-36
140            android:theme="@style/WhiteBackgroundTheme" >
140-->[androidx.test:core:1.6.1] AndroidManifest.xml:38:13-56
141            <intent-filter android:priority="-100" >
141-->[androidx.test:core:1.6.1] AndroidManifest.xml:31:13-33:29
141-->[androidx.test:core:1.6.1] AndroidManifest.xml:31:28-51
142                <category android:name="android.intent.category.LAUNCHER" />
142-->src/main/AndroidManifest.xml:25:17-77
142-->src/main/AndroidManifest.xml:25:27-74
143            </intent-filter>
144        </activity>
145        <activity
145-->[androidx.test:core:1.6.1] AndroidManifest.xml:43:9-50:20
146            android:name="androidx.test.core.app.InstrumentationActivityInvoker$EmptyFloatingActivity"
146-->[androidx.test:core:1.6.1] AndroidManifest.xml:44:13-103
147            android:exported="true"
147-->[androidx.test:core:1.6.1] AndroidManifest.xml:45:13-36
148            android:theme="@style/WhiteBackgroundDialogTheme" >
148-->[androidx.test:core:1.6.1] AndroidManifest.xml:46:13-62
149            <intent-filter android:priority="-100" >
149-->[androidx.test:core:1.6.1] AndroidManifest.xml:31:13-33:29
149-->[androidx.test:core:1.6.1] AndroidManifest.xml:31:28-51
150                <category android:name="android.intent.category.LAUNCHER" />
150-->src/main/AndroidManifest.xml:25:17-77
150-->src/main/AndroidManifest.xml:25:27-74
151            </intent-filter>
152        </activity>
153        <activity
153-->[androidx.compose.ui:ui-test-manifest:1.7.6] AndroidManifest.xml:23:9-25:39
154            android:name="androidx.activity.ComponentActivity"
154-->[androidx.compose.ui:ui-test-manifest:1.7.6] AndroidManifest.xml:24:13-63
155            android:exported="true" />
155-->[androidx.compose.ui:ui-test-manifest:1.7.6] AndroidManifest.xml:25:13-36
156
157        <receiver
157-->[androidx.profileinstaller:profileinstaller:1.4.0] AndroidManifest.xml:34:9-52:20
158            android:name="androidx.profileinstaller.ProfileInstallReceiver"
158-->[androidx.profileinstaller:profileinstaller:1.4.0] AndroidManifest.xml:35:13-76
159            android:directBootAware="false"
159-->[androidx.profileinstaller:profileinstaller:1.4.0] AndroidManifest.xml:36:13-44
160            android:enabled="true"
160-->[androidx.profileinstaller:profileinstaller:1.4.0] AndroidManifest.xml:37:13-35
161            android:exported="true"
161-->[androidx.profileinstaller:profileinstaller:1.4.0] AndroidManifest.xml:38:13-36
162            android:permission="android.permission.DUMP" >
162-->[androidx.profileinstaller:profileinstaller:1.4.0] AndroidManifest.xml:39:13-57
163            <intent-filter>
163-->[androidx.profileinstaller:profileinstaller:1.4.0] AndroidManifest.xml:40:13-42:29
164                <action android:name="androidx.profileinstaller.action.INSTALL_PROFILE" />
164-->[androidx.profileinstaller:profileinstaller:1.4.0] AndroidManifest.xml:41:17-91
164-->[androidx.profileinstaller:profileinstaller:1.4.0] AndroidManifest.xml:41:25-88
165            </intent-filter>
166            <intent-filter>
166-->[androidx.profileinstaller:profileinstaller:1.4.0] AndroidManifest.xml:43:13-45:29
167                <action android:name="androidx.profileinstaller.action.SKIP_FILE" />
167-->[androidx.profileinstaller:profileinstaller:1.4.0] AndroidManifest.xml:44:17-85
167-->[androidx.profileinstaller:profileinstaller:1.4.0] AndroidManifest.xml:44:25-82
168            </intent-filter>
169            <intent-filter>
169-->[androidx.profileinstaller:profileinstaller:1.4.0] AndroidManifest.xml:46:13-48:29
170                <action android:name="androidx.profileinstaller.action.SAVE_PROFILE" />
170-->[androidx.profileinstaller:profileinstaller:1.4.0] AndroidManifest.xml:47:17-88
170-->[androidx.profileinstaller:profileinstaller:1.4.0] AndroidManifest.xml:47:25-85
171            </intent-filter>
172            <intent-filter>
172-->[androidx.profileinstaller:profileinstaller:1.4.0] AndroidManifest.xml:49:13-51:29
173                <action android:name="androidx.profileinstaller.action.BENCHMARK_OPERATION" />
173-->[androidx.profileinstaller:profileinstaller:1.4.0] AndroidManifest.xml:50:17-95
173-->[androidx.profileinstaller:profileinstaller:1.4.0] AndroidManifest.xml:50:25-92
174            </intent-filter>
175        </receiver> <!-- The minimal version code of ARCore APK required for an app using this SDK. -->
176        <meta-data
176-->[com.google.ar:core:1.47.0] AndroidManifest.xml:32:9-34:41
177            android:name="com.google.ar.core.min_apk_version"
177-->[com.google.ar:core:1.47.0] AndroidManifest.xml:33:13-62
178            android:value="242590000" /> <!-- This activity is critical for installing ARCore when it is not already present. -->
178-->[com.google.ar:core:1.47.0] AndroidManifest.xml:34:13-38
179        <activity
179-->[com.google.ar:core:1.47.0] AndroidManifest.xml:36:9-42:80
180            android:name="com.google.ar.core.InstallActivity"
180-->[com.google.ar:core:1.47.0] AndroidManifest.xml:37:13-62
181            android:configChanges="keyboardHidden|orientation|screenSize"
181-->[com.google.ar:core:1.47.0] AndroidManifest.xml:38:13-74
182            android:excludeFromRecents="true"
182-->[com.google.ar:core:1.47.0] AndroidManifest.xml:39:13-46
183            android:exported="false"
183-->[com.google.ar:core:1.47.0] AndroidManifest.xml:40:13-37
184            android:launchMode="singleTop"
184-->[com.google.ar:core:1.47.0] AndroidManifest.xml:41:13-43
185            android:theme="@android:style/Theme.Material.Light.Dialog.Alert" />
185-->[com.google.ar:core:1.47.0] AndroidManifest.xml:42:13-77
186
187        <service
187-->[com.google.android.datatransport:transport-backend-cct:2.3.3] AndroidManifest.xml:29:9-35:19
188            android:name="com.google.android.datatransport.runtime.backends.TransportBackendDiscovery"
188-->[com.google.android.datatransport:transport-backend-cct:2.3.3] AndroidManifest.xml:30:13-103
189            android:exported="false" >
189-->[com.google.android.datatransport:transport-backend-cct:2.3.3] AndroidManifest.xml:31:13-37
190            <meta-data
190-->[com.google.android.datatransport:transport-backend-cct:2.3.3] AndroidManifest.xml:32:13-34:39
191                android:name="backend:com.google.android.datatransport.cct.CctBackendFactory"
191-->[com.google.android.datatransport:transport-backend-cct:2.3.3] AndroidManifest.xml:33:17-94
192                android:value="cct" />
192-->[com.google.android.datatransport:transport-backend-cct:2.3.3] AndroidManifest.xml:34:17-36
193        </service>
194        <service
194-->[com.google.android.datatransport:transport-runtime:2.2.6] AndroidManifest.xml:26:9-30:19
195            android:name="com.google.android.datatransport.runtime.scheduling.jobscheduling.JobInfoSchedulerService"
195-->[com.google.android.datatransport:transport-runtime:2.2.6] AndroidManifest.xml:27:13-117
196            android:exported="false"
196-->[com.google.android.datatransport:transport-runtime:2.2.6] AndroidManifest.xml:28:13-37
197            android:permission="android.permission.BIND_JOB_SERVICE" >
197-->[com.google.android.datatransport:transport-runtime:2.2.6] AndroidManifest.xml:29:13-69
198        </service>
199
200        <receiver
200-->[com.google.android.datatransport:transport-runtime:2.2.6] AndroidManifest.xml:32:9-34:40
201            android:name="com.google.android.datatransport.runtime.scheduling.jobscheduling.AlarmManagerSchedulerBroadcastReceiver"
201-->[com.google.android.datatransport:transport-runtime:2.2.6] AndroidManifest.xml:33:13-132
202            android:exported="false" />
202-->[com.google.android.datatransport:transport-runtime:2.2.6] AndroidManifest.xml:34:13-37
203    </application>
204
205</manifest>